{
  "stats": {
    "suites": 2,
    "tests": 3,
    "passes": 2,
    "pending": 0,
    "failures": 1,
    "start": "2021-01-25T00:54:12.309Z",
    "end": "2021-01-25T00:54:38.722Z",
    "duration": 10414,
    "testsRegistered": 3,
    "passPercent": 66.66666666666667,
    "pendingPercent": 0,
    "other": 0,
    "hasOther": false,
    "skipped": 0,
    "hasSkipped": false
  },
  "results": [
    {
      "uuid": "560ce6ac-71c7-4c13-be88-075a9785a088",
      "title": "",
      "fullFile": "cypress/integration/pageObjectsTest.spec.js",
      "file": "cypress/integration/pageObjectsTest.spec.js",
      "beforeHooks": [],
      "afterHooks": [],
      "tests": [],
      "suites": [
        {
          "uuid": "9f0102ea-e69f-4065-a12a-66b043259f2b",
          "title": "This is my first page object",
          "fullFile": "",
          "file": "",
          "beforeHooks": [],
          "afterHooks": [],
          "tests": [
            {
              "title": "first object",
              "fullTitle": "This is my first page object first object",
              "timedOut": null,
              "duration": 2808,
              "state": "passed",
              "speed": "slow",
              "pass": true,
              "fail": false,
              "pending": false,
              "context": null,
              "code": "_navigationObject.navigateTo.formTablenData();",
              "err": {},
              "uuid": "dc793065-efe3-4ca9-8a68-f78994e868c5",
              "parentUUID": "9f0102ea-e69f-4065-a12a-66b043259f2b",
              "isHook": false,
              "skipped": false
            }
          ],
          "suites": [],
          "passes": [
            "dc793065-efe3-4ca9-8a68-f78994e868c5"
          ],
          "failures": [],
          "pending": [],
          "skipped": [],
          "duration": 2808,
          "root": false,
          "rootEmpty": false,
          "_timeout": 2000
        }
      ],
      "passes": [],
      "failures": [],
      "pending": [],
      "skipped": [],
      "duration": 0,
      "root": true,
      "rootEmpty": true,
      "_timeout": 2000
    },
    {
      "uuid": "8ec69f9a-a6e9-4619-b11d-aa9dc157d871",
      "title": "",
      "fullFile": "cypress/integration/firstTest.spec.js",
      "file": "cypress/integration/firstTest.spec.js",
      "beforeHooks": [],
      "afterHooks": [],
      "tests": [],
      "suites": [
        {
          "uuid": "15571bbc-b5dc-4dd4-9853-9c58ad0d3531",
          "title": "This is my first test suite",
          "fullFile": "",
          "file": "",
          "beforeHooks": [],
          "afterHooks": [],
          "tests": [
            {
              "title": "Invoke command",
              "fullTitle": "This is my first test suite Invoke command",
              "timedOut": null,
              "duration": 6105,
              "state": "failed",
              "speed": null,
              "pass": false,
              "fail": true,
              "pending": false,
              "context": null,
              "code": "cy.get('[for=\"exampleInputEmail1\"]').should(\"contain\", \"Email address\");\ncy.get('[for=\"exampleInputEmail1\"]').then(function (param) {\n  expect(param.text()).to.equal(\"Email address\");\n});\ncy.get('[for=\"exampleInputEmail1\"]').invoke(\"text\").then(function (text) {\n  expect(text).to.equal(\"Email address\");\n});",
              "err": {
                "message": "AssertionError: Timed out retrying after 4000ms: Expected to find element: `[for=\"exampleInputEmail1\"]`, but never found it.",
                "estack": "AssertionError: Timed out retrying after 4000ms: Expected to find element: `[for=\"exampleInputEmail1\"]`, but never found it.\n    at Context.eval (http://localhost:4200/__cypress/tests?p=cypress/integration/firstTest.spec.js:118:42)",
                "diff": null
              },
              "uuid": "6d40901a-2348-42c3-bf5c-05aa976c452b",
              "parentUUID": "15571bbc-b5dc-4dd4-9853-9c58ad0d3531",
              "isHook": false,
              "skipped": false
            },
            {
              "title": "Using Webtables",
              "fullTitle": "This is my first test suite Using Webtables",
              "timedOut": null,
              "duration": 1501,
              "state": "passed",
              "speed": "slow",
              "pass": true,
              "fail": false,
              "pending": false,
              "context": null,
              "code": "",
              "err": {},
              "uuid": "d4f03d2c-1348-454d-a8ca-1b74a6ca7e50",
              "parentUUID": "15571bbc-b5dc-4dd4-9853-9c58ad0d3531",
              "isHook": false,
              "skipped": false
            }
          ],
          "suites": [],
          "passes": [
            "d4f03d2c-1348-454d-a8ca-1b74a6ca7e50"
          ],
          "failures": [
            "6d40901a-2348-42c3-bf5c-05aa976c452b"
          ],
          "pending": [],
          "skipped": [],
          "duration": 7606,
          "root": false,
          "rootEmpty": false,
          "_timeout": 2000
        }
      ],
      "passes": [],
      "failures": [],
      "pending": [],
      "skipped": [],
      "duration": 0,
      "root": true,
      "rootEmpty": true,
      "_timeout": 2000
    }
  ],
  "meta": {
    "mocha": {
      "version": "7.0.1"
    },
    "mochawesome": {
      "options": {
        "quiet": false,
        "reportFilename": "mochawesome",
        "saveHtml": false,
        "saveJson": true,
        "consoleReporter": "spec",
        "useInlineDiffs": false,
        "code": true
      },
      "version": "6.2.1"
    },
    "marge": {
      "options": {
        "id": "default",
        "reportDir": "cypress/results/mochawesome",
        "overwrite": false,
        "html": false,
        "json": true
      },
      "version": "5.1.0"
    }
  }
}