{
  "stats": {
    "suites": 1,
    "tests": 1,
    "passes": 1,
    "pending": 0,
    "failures": 0,
    "start": "2021-01-25T00:54:35.896Z",
    "end": "2021-01-25T00:54:38.722Z",
    "duration": 2826,
    "testsRegistered": 1,
    "passPercent": 100,
    "pendingPercent": 0,
    "other": 0,
    "hasOther": false,
    "skipped": 0,
    "hasSkipped": false
  },
  "results": [
    {
      "uuid": "560ce6ac-71c7-4c13-be88-075a9785a088",
      "title": "",
      "fullFile": "cypress/integration/pageObjectsTest.spec.js",
      "file": "cypress/integration/pageObjectsTest.spec.js",
      "beforeHooks": [],
      "afterHooks": [],
      "tests": [],
      "suites": [
        {
          "uuid": "9f0102ea-e69f-4065-a12a-66b043259f2b",
          "title": "This is my first page object",
          "fullFile": "",
          "file": "",
          "beforeHooks": [],
          "afterHooks": [],
          "tests": [
            {
              "title": "first object",
              "fullTitle": "This is my first page object first object",
              "timedOut": null,
              "duration": 2808,
              "state": "passed",
              "speed": "slow",
              "pass": true,
              "fail": false,
              "pending": false,
              "context": null,
              "code": "_navigationObject.navigateTo.formTablenData();",
              "err": {},
              "uuid": "dc793065-efe3-4ca9-8a68-f78994e868c5",
              "parentUUID": "9f0102ea-e69f-4065-a12a-66b043259f2b",
              "isHook": false,
              "skipped": false
            }
          ],
          "suites": [],
          "passes": [
            "dc793065-efe3-4ca9-8a68-f78994e868c5"
          ],
          "failures": [],
          "pending": [],
          "skipped": [],
          "duration": 2808,
          "root": false,
          "rootEmpty": false,
          "_timeout": 2000
        }
      ],
      "passes": [],
      "failures": [],
      "pending": [],
      "skipped": [],
      "duration": 0,
      "root": true,
      "rootEmpty": true,
      "_timeout": 2000
    }
  ],
  "meta": {
    "mocha": {
      "version": "7.0.1"
    },
    "mochawesome": {
      "options": {
        "quiet": false,
        "reportFilename": "mochawesome",
        "saveHtml": false,
        "saveJson": true,
        "consoleReporter": "spec",
        "useInlineDiffs": false,
        "code": true
      },
      "version": "6.2.1"
    },
    "marge": {
      "options": {
        "id": "default",
        "reportDir": "cypress/results/mochawesome",
        "overwrite": false,
        "html": false,
        "json": true
      },
      "version": "5.1.0"
    }
  }
}